<?xml version="1.0" encoding="UTF-8"?>
<robot generator="Robot 4.0.3 (Python 3.9.5 on win32)" generated="20210526 22:43:40.560" rpa="false" schemaversion="2">
<suite id="s1" name="pythonProject1" source="C:\Users\И.Братанов\PycharmProjects\pythonProject1">
<suite id="s1-s1" name="Test" source="C:\Users\И.Братанов\PycharmProjects\pythonProject1\Test.robot">
<test id="s1-s1-t1" name="Max Value">
<kw name="Get Max Or Min">
<var>${result}</var>
<arg>${ARRAY}</arg>
<arg>True</arg>
<kw name="Get From List" library="Collections">
<var>${result}</var>
<arg>${MyList}</arg>
<arg>0</arg>
<doc>Returns the value specified with an ``index`` from ``list``.</doc>
<msg timestamp="20210526 22:43:40.598" level="INFO">${result} = 1</msg>
<status status="PASS" starttime="20210526 22:43:40.598" endtime="20210526 22:43:40.598"/>
</kw>
<for flavor="IN">
<var>${number}</var>
<value>@{MyList}</value>
<iter>
<var name="${number}">1</var>
<if>
<branch type="IF" condition="${max} == True">
<if>
<branch type="IF" condition="${number} &gt; ${result}">
<kw name="Set Variable" library="BuiltIn">
<var>${result}</var>
<arg>${number}</arg>
<doc>Returns the given values which can then be assigned to a variables.</doc>
<status status="NOT RUN" starttime="20210526 22:43:40.598" endtime="20210526 22:43:40.598"/>
</kw>
<status status="NOT RUN" starttime="20210526 22:43:40.598" endtime="20210526 22:43:40.598"/>
</branch>
<status status="PASS" starttime="20210526 22:43:40.598" endtime="20210526 22:43:40.598"/>
</if>
<status status="PASS" starttime="20210526 22:43:40.598" endtime="20210526 22:43:40.598"/>
</branch>
<branch type="ELSE">
<if>
<branch type="IF" condition="${number} &lt; ${result}">
<kw name="Set Variable" library="BuiltIn">
<var>${result}</var>
<arg>${number}</arg>
<doc>Returns the given values which can then be assigned to a variables.</doc>
<status status="NOT RUN" starttime="20210526 22:43:40.598" endtime="20210526 22:43:40.598"/>
</kw>
<status status="NOT RUN" starttime="20210526 22:43:40.598" endtime="20210526 22:43:40.598"/>
</branch>
<status status="NOT RUN" starttime="20210526 22:43:40.598" endtime="20210526 22:43:40.598"/>
</if>
<status status="NOT RUN" starttime="20210526 22:43:40.598" endtime="20210526 22:43:40.598"/>
</branch>
<status status="PASS" starttime="20210526 22:43:40.598" endtime="20210526 22:43:40.598"/>
</if>
<status status="PASS" starttime="20210526 22:43:40.598" endtime="20210526 22:43:40.598"/>
</iter>
<iter>
<var name="${number}">2</var>
<if>
<branch type="IF" condition="${max} == True">
<if>
<branch type="IF" condition="${number} &gt; ${result}">
<kw name="Set Variable" library="BuiltIn">
<var>${result}</var>
<arg>${number}</arg>
<doc>Returns the given values which can then be assigned to a variables.</doc>
<msg timestamp="20210526 22:43:40.598" level="INFO">${result} = 2</msg>
<status status="PASS" starttime="20210526 22:43:40.598" endtime="20210526 22:43:40.598"/>
</kw>
<status status="PASS" starttime="20210526 22:43:40.598" endtime="20210526 22:43:40.598"/>
</branch>
<status status="PASS" starttime="20210526 22:43:40.598" endtime="20210526 22:43:40.598"/>
</if>
<status status="PASS" starttime="20210526 22:43:40.598" endtime="20210526 22:43:40.598"/>
</branch>
<branch type="ELSE">
<if>
<branch type="IF" condition="${number} &lt; ${result}">
<kw name="Set Variable" library="BuiltIn">
<var>${result}</var>
<arg>${number}</arg>
<doc>Returns the given values which can then be assigned to a variables.</doc>
<status status="NOT RUN" starttime="20210526 22:43:40.598" endtime="20210526 22:43:40.598"/>
</kw>
<status status="NOT RUN" starttime="20210526 22:43:40.598" endtime="20210526 22:43:40.598"/>
</branch>
<status status="NOT RUN" starttime="20210526 22:43:40.598" endtime="20210526 22:43:40.598"/>
</if>
<status status="NOT RUN" starttime="20210526 22:43:40.598" endtime="20210526 22:43:40.613"/>
</branch>
<status status="PASS" starttime="20210526 22:43:40.598" endtime="20210526 22:43:40.613"/>
</if>
<status status="PASS" starttime="20210526 22:43:40.598" endtime="20210526 22:43:40.613"/>
</iter>
<iter>
<var name="${number}">3</var>
<if>
<branch type="IF" condition="${max} == True">
<if>
<branch type="IF" condition="${number} &gt; ${result}">
<kw name="Set Variable" library="BuiltIn">
<var>${result}</var>
<arg>${number}</arg>
<doc>Returns the given values which can then be assigned to a variables.</doc>
<msg timestamp="20210526 22:43:40.613" level="INFO">${result} = 3</msg>
<status status="PASS" starttime="20210526 22:43:40.613" endtime="20210526 22:43:40.613"/>
</kw>
<status status="PASS" starttime="20210526 22:43:40.613" endtime="20210526 22:43:40.613"/>
</branch>
<status status="PASS" starttime="20210526 22:43:40.613" endtime="20210526 22:43:40.613"/>
</if>
<status status="PASS" starttime="20210526 22:43:40.613" endtime="20210526 22:43:40.613"/>
</branch>
<branch type="ELSE">
<if>
<branch type="IF" condition="${number} &lt; ${result}">
<kw name="Set Variable" library="BuiltIn">
<var>${result}</var>
<arg>${number}</arg>
<doc>Returns the given values which can then be assigned to a variables.</doc>
<status status="NOT RUN" starttime="20210526 22:43:40.613" endtime="20210526 22:43:40.613"/>
</kw>
<status status="NOT RUN" starttime="20210526 22:43:40.613" endtime="20210526 22:43:40.613"/>
</branch>
<status status="NOT RUN" starttime="20210526 22:43:40.613" endtime="20210526 22:43:40.613"/>
</if>
<status status="NOT RUN" starttime="20210526 22:43:40.613" endtime="20210526 22:43:40.613"/>
</branch>
<status status="PASS" starttime="20210526 22:43:40.613" endtime="20210526 22:43:40.613"/>
</if>
<status status="PASS" starttime="20210526 22:43:40.613" endtime="20210526 22:43:40.613"/>
</iter>
<iter>
<var name="${number}">5</var>
<if>
<branch type="IF" condition="${max} == True">
<if>
<branch type="IF" condition="${number} &gt; ${result}">
<kw name="Set Variable" library="BuiltIn">
<var>${result}</var>
<arg>${number}</arg>
<doc>Returns the given values which can then be assigned to a variables.</doc>
<msg timestamp="20210526 22:43:40.613" level="INFO">${result} = 5</msg>
<status status="PASS" starttime="20210526 22:43:40.613" endtime="20210526 22:43:40.613"/>
</kw>
<status status="PASS" starttime="20210526 22:43:40.613" endtime="20210526 22:43:40.613"/>
</branch>
<status status="PASS" starttime="20210526 22:43:40.613" endtime="20210526 22:43:40.613"/>
</if>
<status status="PASS" starttime="20210526 22:43:40.613" endtime="20210526 22:43:40.613"/>
</branch>
<branch type="ELSE">
<if>
<branch type="IF" condition="${number} &lt; ${result}">
<kw name="Set Variable" library="BuiltIn">
<var>${result}</var>
<arg>${number}</arg>
<doc>Returns the given values which can then be assigned to a variables.</doc>
<status status="NOT RUN" starttime="20210526 22:43:40.613" endtime="20210526 22:43:40.613"/>
</kw>
<status status="NOT RUN" starttime="20210526 22:43:40.613" endtime="20210526 22:43:40.613"/>
</branch>
<status status="NOT RUN" starttime="20210526 22:43:40.613" endtime="20210526 22:43:40.613"/>
</if>
<status status="NOT RUN" starttime="20210526 22:43:40.613" endtime="20210526 22:43:40.613"/>
</branch>
<status status="PASS" starttime="20210526 22:43:40.613" endtime="20210526 22:43:40.613"/>
</if>
<status status="PASS" starttime="20210526 22:43:40.613" endtime="20210526 22:43:40.613"/>
</iter>
<iter>
<var name="${number}">1</var>
<if>
<branch type="IF" condition="${max} == True">
<if>
<branch type="IF" condition="${number} &gt; ${result}">
<kw name="Set Variable" library="BuiltIn">
<var>${result}</var>
<arg>${number}</arg>
<doc>Returns the given values which can then be assigned to a variables.</doc>
<status status="NOT RUN" starttime="20210526 22:43:40.613" endtime="20210526 22:43:40.613"/>
</kw>
<status status="NOT RUN" starttime="20210526 22:43:40.613" endtime="20210526 22:43:40.613"/>
</branch>
<status status="PASS" starttime="20210526 22:43:40.613" endtime="20210526 22:43:40.613"/>
</if>
<status status="PASS" starttime="20210526 22:43:40.613" endtime="20210526 22:43:40.613"/>
</branch>
<branch type="ELSE">
<if>
<branch type="IF" condition="${number} &lt; ${result}">
<kw name="Set Variable" library="BuiltIn">
<var>${result}</var>
<arg>${number}</arg>
<doc>Returns the given values which can then be assigned to a variables.</doc>
<status status="NOT RUN" starttime="20210526 22:43:40.613" endtime="20210526 22:43:40.613"/>
</kw>
<status status="NOT RUN" starttime="20210526 22:43:40.613" endtime="20210526 22:43:40.613"/>
</branch>
<status status="NOT RUN" starttime="20210526 22:43:40.613" endtime="20210526 22:43:40.613"/>
</if>
<status status="NOT RUN" starttime="20210526 22:43:40.613" endtime="20210526 22:43:40.613"/>
</branch>
<status status="PASS" starttime="20210526 22:43:40.613" endtime="20210526 22:43:40.613"/>
</if>
<status status="PASS" starttime="20210526 22:43:40.613" endtime="20210526 22:43:40.613"/>
</iter>
<iter>
<var name="${number}">0</var>
<if>
<branch type="IF" condition="${max} == True">
<if>
<branch type="IF" condition="${number} &gt; ${result}">
<kw name="Set Variable" library="BuiltIn">
<var>${result}</var>
<arg>${number}</arg>
<doc>Returns the given values which can then be assigned to a variables.</doc>
<status status="NOT RUN" starttime="20210526 22:43:40.613" endtime="20210526 22:43:40.613"/>
</kw>
<status status="NOT RUN" starttime="20210526 22:43:40.613" endtime="20210526 22:43:40.613"/>
</branch>
<status status="PASS" starttime="20210526 22:43:40.613" endtime="20210526 22:43:40.613"/>
</if>
<status status="PASS" starttime="20210526 22:43:40.613" endtime="20210526 22:43:40.613"/>
</branch>
<branch type="ELSE">
<if>
<branch type="IF" condition="${number} &lt; ${result}">
<kw name="Set Variable" library="BuiltIn">
<var>${result}</var>
<arg>${number}</arg>
<doc>Returns the given values which can then be assigned to a variables.</doc>
<status status="NOT RUN" starttime="20210526 22:43:40.613" endtime="20210526 22:43:40.613"/>
</kw>
<status status="NOT RUN" starttime="20210526 22:43:40.613" endtime="20210526 22:43:40.613"/>
</branch>
<status status="NOT RUN" starttime="20210526 22:43:40.613" endtime="20210526 22:43:40.613"/>
</if>
<status status="NOT RUN" starttime="20210526 22:43:40.613" endtime="20210526 22:43:40.613"/>
</branch>
<status status="PASS" starttime="20210526 22:43:40.613" endtime="20210526 22:43:40.613"/>
</if>
<status status="PASS" starttime="20210526 22:43:40.613" endtime="20210526 22:43:40.613"/>
</iter>
<iter>
<var name="${number}">-1</var>
<if>
<branch type="IF" condition="${max} == True">
<if>
<branch type="IF" condition="${number} &gt; ${result}">
<kw name="Set Variable" library="BuiltIn">
<var>${result}</var>
<arg>${number}</arg>
<doc>Returns the given values which can then be assigned to a variables.</doc>
<status status="NOT RUN" starttime="20210526 22:43:40.613" endtime="20210526 22:43:40.613"/>
</kw>
<status status="NOT RUN" starttime="20210526 22:43:40.613" endtime="20210526 22:43:40.613"/>
</branch>
<status status="PASS" starttime="20210526 22:43:40.613" endtime="20210526 22:43:40.613"/>
</if>
<status status="PASS" starttime="20210526 22:43:40.613" endtime="20210526 22:43:40.613"/>
</branch>
<branch type="ELSE">
<if>
<branch type="IF" condition="${number} &lt; ${result}">
<kw name="Set Variable" library="BuiltIn">
<var>${result}</var>
<arg>${number}</arg>
<doc>Returns the given values which can then be assigned to a variables.</doc>
<status status="NOT RUN" starttime="20210526 22:43:40.613" endtime="20210526 22:43:40.613"/>
</kw>
<status status="NOT RUN" starttime="20210526 22:43:40.613" endtime="20210526 22:43:40.613"/>
</branch>
<status status="NOT RUN" starttime="20210526 22:43:40.613" endtime="20210526 22:43:40.613"/>
</if>
<status status="NOT RUN" starttime="20210526 22:43:40.613" endtime="20210526 22:43:40.613"/>
</branch>
<status status="PASS" starttime="20210526 22:43:40.613" endtime="20210526 22:43:40.613"/>
</if>
<status status="PASS" starttime="20210526 22:43:40.613" endtime="20210526 22:43:40.613"/>
</iter>
<iter>
<var name="${number}">10</var>
<if>
<branch type="IF" condition="${max} == True">
<if>
<branch type="IF" condition="${number} &gt; ${result}">
<kw name="Set Variable" library="BuiltIn">
<var>${result}</var>
<arg>${number}</arg>
<doc>Returns the given values which can then be assigned to a variables.</doc>
<msg timestamp="20210526 22:43:40.613" level="INFO">${result} = 10</msg>
<status status="PASS" starttime="20210526 22:43:40.613" endtime="20210526 22:43:40.613"/>
</kw>
<status status="PASS" starttime="20210526 22:43:40.613" endtime="20210526 22:43:40.613"/>
</branch>
<status status="PASS" starttime="20210526 22:43:40.613" endtime="20210526 22:43:40.613"/>
</if>
<status status="PASS" starttime="20210526 22:43:40.613" endtime="20210526 22:43:40.613"/>
</branch>
<branch type="ELSE">
<if>
<branch type="IF" condition="${number} &lt; ${result}">
<kw name="Set Variable" library="BuiltIn">
<var>${result}</var>
<arg>${number}</arg>
<doc>Returns the given values which can then be assigned to a variables.</doc>
<status status="NOT RUN" starttime="20210526 22:43:40.613" endtime="20210526 22:43:40.613"/>
</kw>
<status status="NOT RUN" starttime="20210526 22:43:40.613" endtime="20210526 22:43:40.613"/>
</branch>
<status status="NOT RUN" starttime="20210526 22:43:40.613" endtime="20210526 22:43:40.613"/>
</if>
<status status="NOT RUN" starttime="20210526 22:43:40.613" endtime="20210526 22:43:40.613"/>
</branch>
<status status="PASS" starttime="20210526 22:43:40.613" endtime="20210526 22:43:40.613"/>
</if>
<status status="PASS" starttime="20210526 22:43:40.613" endtime="20210526 22:43:40.613"/>
</iter>
<status status="PASS" starttime="20210526 22:43:40.598" endtime="20210526 22:43:40.613"/>
</for>
<msg timestamp="20210526 22:43:40.613" level="INFO">${result} = 10</msg>
<status status="PASS" starttime="20210526 22:43:40.598" endtime="20210526 22:43:40.613"/>
</kw>
<kw name="Log To Console" library="BuiltIn">
<arg>${result}</arg>
<doc>Logs the given message to the console.</doc>
<status status="PASS" starttime="20210526 22:43:40.613" endtime="20210526 22:43:40.613"/>
</kw>
<kw name="Log" library="BuiltIn">
<arg>${result}</arg>
<doc>Logs the given message with the given level.</doc>
<msg timestamp="20210526 22:43:40.613" level="INFO">10</msg>
<status status="PASS" starttime="20210526 22:43:40.613" endtime="20210526 22:43:40.613"/>
</kw>
<status status="PASS" starttime="20210526 22:43:40.598" endtime="20210526 22:43:40.613"/>
</test>
<test id="s1-s1-t2" name="Min Value">
<kw name="Get Max Or Min">
<var>${result}</var>
<arg>${ARRAY}</arg>
<arg>False</arg>
<kw name="Get From List" library="Collections">
<var>${result}</var>
<arg>${MyList}</arg>
<arg>0</arg>
<doc>Returns the value specified with an ``index`` from ``list``.</doc>
<msg timestamp="20210526 22:43:40.613" level="INFO">${result} = 1</msg>
<status status="PASS" starttime="20210526 22:43:40.613" endtime="20210526 22:43:40.613"/>
</kw>
<for flavor="IN">
<var>${number}</var>
<value>@{MyList}</value>
<iter>
<var name="${number}">1</var>
<if>
<branch type="IF" condition="${max} == True">
<if>
<branch type="IF" condition="${number} &gt; ${result}">
<kw name="Set Variable" library="BuiltIn">
<var>${result}</var>
<arg>${number}</arg>
<doc>Returns the given values which can then be assigned to a variables.</doc>
<status status="NOT RUN" starttime="20210526 22:43:40.613" endtime="20210526 22:43:40.613"/>
</kw>
<status status="NOT RUN" starttime="20210526 22:43:40.613" endtime="20210526 22:43:40.613"/>
</branch>
<status status="NOT RUN" starttime="20210526 22:43:40.613" endtime="20210526 22:43:40.613"/>
</if>
<status status="NOT RUN" starttime="20210526 22:43:40.613" endtime="20210526 22:43:40.613"/>
</branch>
<branch type="ELSE">
<if>
<branch type="IF" condition="${number} &lt; ${result}">
<kw name="Set Variable" library="BuiltIn">
<var>${result}</var>
<arg>${number}</arg>
<doc>Returns the given values which can then be assigned to a variables.</doc>
<status status="NOT RUN" starttime="20210526 22:43:40.613" endtime="20210526 22:43:40.613"/>
</kw>
<status status="NOT RUN" starttime="20210526 22:43:40.613" endtime="20210526 22:43:40.613"/>
</branch>
<status status="PASS" starttime="20210526 22:43:40.613" endtime="20210526 22:43:40.613"/>
</if>
<status status="PASS" starttime="20210526 22:43:40.613" endtime="20210526 22:43:40.613"/>
</branch>
<status status="PASS" starttime="20210526 22:43:40.613" endtime="20210526 22:43:40.613"/>
</if>
<status status="PASS" starttime="20210526 22:43:40.613" endtime="20210526 22:43:40.613"/>
</iter>
<iter>
<var name="${number}">2</var>
<if>
<branch type="IF" condition="${max} == True">
<if>
<branch type="IF" condition="${number} &gt; ${result}">
<kw name="Set Variable" library="BuiltIn">
<var>${result}</var>
<arg>${number}</arg>
<doc>Returns the given values which can then be assigned to a variables.</doc>
<status status="NOT RUN" starttime="20210526 22:43:40.613" endtime="20210526 22:43:40.613"/>
</kw>
<status status="NOT RUN" starttime="20210526 22:43:40.613" endtime="20210526 22:43:40.613"/>
</branch>
<status status="NOT RUN" starttime="20210526 22:43:40.613" endtime="20210526 22:43:40.613"/>
</if>
<status status="NOT RUN" starttime="20210526 22:43:40.613" endtime="20210526 22:43:40.613"/>
</branch>
<branch type="ELSE">
<if>
<branch type="IF" condition="${number} &lt; ${result}">
<kw name="Set Variable" library="BuiltIn">
<var>${result}</var>
<arg>${number}</arg>
<doc>Returns the given values which can then be assigned to a variables.</doc>
<status status="NOT RUN" starttime="20210526 22:43:40.613" endtime="20210526 22:43:40.613"/>
</kw>
<status status="NOT RUN" starttime="20210526 22:43:40.613" endtime="20210526 22:43:40.613"/>
</branch>
<status status="PASS" starttime="20210526 22:43:40.613" endtime="20210526 22:43:40.613"/>
</if>
<status status="PASS" starttime="20210526 22:43:40.613" endtime="20210526 22:43:40.613"/>
</branch>
<status status="PASS" starttime="20210526 22:43:40.613" endtime="20210526 22:43:40.613"/>
</if>
<status status="PASS" starttime="20210526 22:43:40.613" endtime="20210526 22:43:40.613"/>
</iter>
<iter>
<var name="${number}">3</var>
<if>
<branch type="IF" condition="${max} == True">
<if>
<branch type="IF" condition="${number} &gt; ${result}">
<kw name="Set Variable" library="BuiltIn">
<var>${result}</var>
<arg>${number}</arg>
<doc>Returns the given values which can then be assigned to a variables.</doc>
<status status="NOT RUN" starttime="20210526 22:43:40.613" endtime="20210526 22:43:40.613"/>
</kw>
<status status="NOT RUN" starttime="20210526 22:43:40.613" endtime="20210526 22:43:40.613"/>
</branch>
<status status="NOT RUN" starttime="20210526 22:43:40.613" endtime="20210526 22:43:40.613"/>
</if>
<status status="NOT RUN" starttime="20210526 22:43:40.613" endtime="20210526 22:43:40.613"/>
</branch>
<branch type="ELSE">
<if>
<branch type="IF" condition="${number} &lt; ${result}">
<kw name="Set Variable" library="BuiltIn">
<var>${result}</var>
<arg>${number}</arg>
<doc>Returns the given values which can then be assigned to a variables.</doc>
<status status="NOT RUN" starttime="20210526 22:43:40.613" endtime="20210526 22:43:40.613"/>
</kw>
<status status="NOT RUN" starttime="20210526 22:43:40.613" endtime="20210526 22:43:40.613"/>
</branch>
<status status="PASS" starttime="20210526 22:43:40.613" endtime="20210526 22:43:40.613"/>
</if>
<status status="PASS" starttime="20210526 22:43:40.613" endtime="20210526 22:43:40.613"/>
</branch>
<status status="PASS" starttime="20210526 22:43:40.613" endtime="20210526 22:43:40.613"/>
</if>
<status status="PASS" starttime="20210526 22:43:40.613" endtime="20210526 22:43:40.613"/>
</iter>
<iter>
<var name="${number}">5</var>
<if>
<branch type="IF" condition="${max} == True">
<if>
<branch type="IF" condition="${number} &gt; ${result}">
<kw name="Set Variable" library="BuiltIn">
<var>${result}</var>
<arg>${number}</arg>
<doc>Returns the given values which can then be assigned to a variables.</doc>
<status status="NOT RUN" starttime="20210526 22:43:40.613" endtime="20210526 22:43:40.613"/>
</kw>
<status status="NOT RUN" starttime="20210526 22:43:40.613" endtime="20210526 22:43:40.613"/>
</branch>
<status status="NOT RUN" starttime="20210526 22:43:40.613" endtime="20210526 22:43:40.613"/>
</if>
<status status="NOT RUN" starttime="20210526 22:43:40.613" endtime="20210526 22:43:40.613"/>
</branch>
<branch type="ELSE">
<if>
<branch type="IF" condition="${number} &lt; ${result}">
<kw name="Set Variable" library="BuiltIn">
<var>${result}</var>
<arg>${number}</arg>
<doc>Returns the given values which can then be assigned to a variables.</doc>
<status status="NOT RUN" starttime="20210526 22:43:40.613" endtime="20210526 22:43:40.613"/>
</kw>
<status status="NOT RUN" starttime="20210526 22:43:40.613" endtime="20210526 22:43:40.613"/>
</branch>
<status status="PASS" starttime="20210526 22:43:40.613" endtime="20210526 22:43:40.613"/>
</if>
<status status="PASS" starttime="20210526 22:43:40.613" endtime="20210526 22:43:40.613"/>
</branch>
<status status="PASS" starttime="20210526 22:43:40.613" endtime="20210526 22:43:40.613"/>
</if>
<status status="PASS" starttime="20210526 22:43:40.613" endtime="20210526 22:43:40.613"/>
</iter>
<iter>
<var name="${number}">1</var>
<if>
<branch type="IF" condition="${max} == True">
<if>
<branch type="IF" condition="${number} &gt; ${result}">
<kw name="Set Variable" library="BuiltIn">
<var>${result}</var>
<arg>${number}</arg>
<doc>Returns the given values which can then be assigned to a variables.</doc>
<status status="NOT RUN" starttime="20210526 22:43:40.613" endtime="20210526 22:43:40.613"/>
</kw>
<status status="NOT RUN" starttime="20210526 22:43:40.613" endtime="20210526 22:43:40.613"/>
</branch>
<status status="NOT RUN" starttime="20210526 22:43:40.613" endtime="20210526 22:43:40.613"/>
</if>
<status status="NOT RUN" starttime="20210526 22:43:40.613" endtime="20210526 22:43:40.613"/>
</branch>
<branch type="ELSE">
<if>
<branch type="IF" condition="${number} &lt; ${result}">
<kw name="Set Variable" library="BuiltIn">
<var>${result}</var>
<arg>${number}</arg>
<doc>Returns the given values which can then be assigned to a variables.</doc>
<status status="NOT RUN" starttime="20210526 22:43:40.613" endtime="20210526 22:43:40.613"/>
</kw>
<status status="NOT RUN" starttime="20210526 22:43:40.613" endtime="20210526 22:43:40.613"/>
</branch>
<status status="PASS" starttime="20210526 22:43:40.613" endtime="20210526 22:43:40.613"/>
</if>
<status status="PASS" starttime="20210526 22:43:40.613" endtime="20210526 22:43:40.613"/>
</branch>
<status status="PASS" starttime="20210526 22:43:40.613" endtime="20210526 22:43:40.613"/>
</if>
<status status="PASS" starttime="20210526 22:43:40.613" endtime="20210526 22:43:40.613"/>
</iter>
<iter>
<var name="${number}">0</var>
<if>
<branch type="IF" condition="${max} == True">
<if>
<branch type="IF" condition="${number} &gt; ${result}">
<kw name="Set Variable" library="BuiltIn">
<var>${result}</var>
<arg>${number}</arg>
<doc>Returns the given values which can then be assigned to a variables.</doc>
<status status="NOT RUN" starttime="20210526 22:43:40.613" endtime="20210526 22:43:40.613"/>
</kw>
<status status="NOT RUN" starttime="20210526 22:43:40.613" endtime="20210526 22:43:40.613"/>
</branch>
<status status="NOT RUN" starttime="20210526 22:43:40.613" endtime="20210526 22:43:40.613"/>
</if>
<status status="NOT RUN" starttime="20210526 22:43:40.613" endtime="20210526 22:43:40.613"/>
</branch>
<branch type="ELSE">
<if>
<branch type="IF" condition="${number} &lt; ${result}">
<kw name="Set Variable" library="BuiltIn">
<var>${result}</var>
<arg>${number}</arg>
<doc>Returns the given values which can then be assigned to a variables.</doc>
<msg timestamp="20210526 22:43:40.629" level="INFO">${result} = 0</msg>
<status status="PASS" starttime="20210526 22:43:40.629" endtime="20210526 22:43:40.629"/>
</kw>
<status status="PASS" starttime="20210526 22:43:40.629" endtime="20210526 22:43:40.629"/>
</branch>
<status status="PASS" starttime="20210526 22:43:40.613" endtime="20210526 22:43:40.629"/>
</if>
<status status="PASS" starttime="20210526 22:43:40.613" endtime="20210526 22:43:40.629"/>
</branch>
<status status="PASS" starttime="20210526 22:43:40.613" endtime="20210526 22:43:40.629"/>
</if>
<status status="PASS" starttime="20210526 22:43:40.613" endtime="20210526 22:43:40.629"/>
</iter>
<iter>
<var name="${number}">-1</var>
<if>
<branch type="IF" condition="${max} == True">
<if>
<branch type="IF" condition="${number} &gt; ${result}">
<kw name="Set Variable" library="BuiltIn">
<var>${result}</var>
<arg>${number}</arg>
<doc>Returns the given values which can then be assigned to a variables.</doc>
<status status="NOT RUN" starttime="20210526 22:43:40.629" endtime="20210526 22:43:40.629"/>
</kw>
<status status="NOT RUN" starttime="20210526 22:43:40.629" endtime="20210526 22:43:40.629"/>
</branch>
<status status="NOT RUN" starttime="20210526 22:43:40.629" endtime="20210526 22:43:40.629"/>
</if>
<status status="NOT RUN" starttime="20210526 22:43:40.629" endtime="20210526 22:43:40.629"/>
</branch>
<branch type="ELSE">
<if>
<branch type="IF" condition="${number} &lt; ${result}">
<kw name="Set Variable" library="BuiltIn">
<var>${result}</var>
<arg>${number}</arg>
<doc>Returns the given values which can then be assigned to a variables.</doc>
<msg timestamp="20210526 22:43:40.629" level="INFO">${result} = -1</msg>
<status status="PASS" starttime="20210526 22:43:40.629" endtime="20210526 22:43:40.629"/>
</kw>
<status status="PASS" starttime="20210526 22:43:40.629" endtime="20210526 22:43:40.629"/>
</branch>
<status status="PASS" starttime="20210526 22:43:40.629" endtime="20210526 22:43:40.629"/>
</if>
<status status="PASS" starttime="20210526 22:43:40.629" endtime="20210526 22:43:40.629"/>
</branch>
<status status="PASS" starttime="20210526 22:43:40.629" endtime="20210526 22:43:40.629"/>
</if>
<status status="PASS" starttime="20210526 22:43:40.629" endtime="20210526 22:43:40.629"/>
</iter>
<iter>
<var name="${number}">10</var>
<if>
<branch type="IF" condition="${max} == True">
<if>
<branch type="IF" condition="${number} &gt; ${result}">
<kw name="Set Variable" library="BuiltIn">
<var>${result}</var>
<arg>${number}</arg>
<doc>Returns the given values which can then be assigned to a variables.</doc>
<status status="NOT RUN" starttime="20210526 22:43:40.629" endtime="20210526 22:43:40.629"/>
</kw>
<status status="NOT RUN" starttime="20210526 22:43:40.629" endtime="20210526 22:43:40.629"/>
</branch>
<status status="NOT RUN" starttime="20210526 22:43:40.629" endtime="20210526 22:43:40.629"/>
</if>
<status status="NOT RUN" starttime="20210526 22:43:40.629" endtime="20210526 22:43:40.629"/>
</branch>
<branch type="ELSE">
<if>
<branch type="IF" condition="${number} &lt; ${result}">
<kw name="Set Variable" library="BuiltIn">
<var>${result}</var>
<arg>${number}</arg>
<doc>Returns the given values which can then be assigned to a variables.</doc>
<status status="NOT RUN" starttime="20210526 22:43:40.629" endtime="20210526 22:43:40.629"/>
</kw>
<status status="NOT RUN" starttime="20210526 22:43:40.629" endtime="20210526 22:43:40.629"/>
</branch>
<status status="PASS" starttime="20210526 22:43:40.629" endtime="20210526 22:43:40.629"/>
</if>
<status status="PASS" starttime="20210526 22:43:40.629" endtime="20210526 22:43:40.629"/>
</branch>
<status status="PASS" starttime="20210526 22:43:40.629" endtime="20210526 22:43:40.629"/>
</if>
<status status="PASS" starttime="20210526 22:43:40.629" endtime="20210526 22:43:40.629"/>
</iter>
<status status="PASS" starttime="20210526 22:43:40.613" endtime="20210526 22:43:40.629"/>
</for>
<msg timestamp="20210526 22:43:40.629" level="INFO">${result} = -1</msg>
<status status="PASS" starttime="20210526 22:43:40.613" endtime="20210526 22:43:40.629"/>
</kw>
<kw name="Log To Console" library="BuiltIn">
<arg>${result}</arg>
<doc>Logs the given message to the console.</doc>
<status status="PASS" starttime="20210526 22:43:40.629" endtime="20210526 22:43:40.629"/>
</kw>
<kw name="Log" library="BuiltIn">
<arg>${result}</arg>
<doc>Logs the given message with the given level.</doc>
<msg timestamp="20210526 22:43:40.629" level="INFO">-1</msg>
<status status="PASS" starttime="20210526 22:43:40.629" endtime="20210526 22:43:40.629"/>
</kw>
<status status="PASS" starttime="20210526 22:43:40.613" endtime="20210526 22:43:40.629"/>
</test>
<test id="s1-s1-t3" name="Unique Values">
<kw name="Remove Duplicates" library="Collections">
<var>${result}</var>
<arg>${ARRAY}</arg>
<doc>Returns a list without duplicates based on the given ``list``.</doc>
<msg timestamp="20210526 22:43:40.629" level="INFO">1 duplicate removed.</msg>
<msg timestamp="20210526 22:43:40.629" level="INFO">${result} = ['1', '2', '3', '5', '0', '-1', '10']</msg>
<status status="PASS" starttime="20210526 22:43:40.629" endtime="20210526 22:43:40.629"/>
</kw>
<kw name="Log List" library="Collections">
<arg>${result}</arg>
<doc>Logs the length and contents of the ``list`` using given ``level``.</doc>
<msg timestamp="20210526 22:43:40.629" level="INFO">List length is 7 and it contains following items:
0: 1
1: 2
2: 3
3: 5
4: 0
5: -1
6: 10</msg>
<status status="PASS" starttime="20210526 22:43:40.629" endtime="20210526 22:43:40.629"/>
</kw>
<status status="PASS" starttime="20210526 22:43:40.629" endtime="20210526 22:43:40.629"/>
</test>
<test id="s1-s1-t4" name="Sum">
<kw name="Set Variable" library="BuiltIn">
<var>${result}</var>
<arg>0</arg>
<doc>Returns the given values which can then be assigned to a variables.</doc>
<msg timestamp="20210526 22:43:40.629" level="INFO">${result} = 0</msg>
<status status="PASS" starttime="20210526 22:43:40.629" endtime="20210526 22:43:40.629"/>
</kw>
<for flavor="IN">
<var>${number}</var>
<value>@{ARRAY}</value>
<iter>
<var name="${number}">1</var>
<kw name="Evaluate" library="BuiltIn">
<var>${s}</var>
<arg>${number}+${result}</arg>
<doc>Evaluates the given expression in Python and returns the result.</doc>
<msg timestamp="20210526 22:43:40.629" level="INFO">${s} = 1</msg>
<status status="PASS" starttime="20210526 22:43:40.629" endtime="20210526 22:43:40.629"/>
</kw>
<kw name="Set Variable" library="BuiltIn">
<var>${result}</var>
<arg>${s}</arg>
<doc>Returns the given values which can then be assigned to a variables.</doc>
<msg timestamp="20210526 22:43:40.629" level="INFO">${result} = 1</msg>
<status status="PASS" starttime="20210526 22:43:40.629" endtime="20210526 22:43:40.629"/>
</kw>
<status status="PASS" starttime="20210526 22:43:40.629" endtime="20210526 22:43:40.629"/>
</iter>
<iter>
<var name="${number}">2</var>
<kw name="Evaluate" library="BuiltIn">
<var>${s}</var>
<arg>${number}+${result}</arg>
<doc>Evaluates the given expression in Python and returns the result.</doc>
<msg timestamp="20210526 22:43:40.629" level="INFO">${s} = 3</msg>
<status status="PASS" starttime="20210526 22:43:40.629" endtime="20210526 22:43:40.629"/>
</kw>
<kw name="Set Variable" library="BuiltIn">
<var>${result}</var>
<arg>${s}</arg>
<doc>Returns the given values which can then be assigned to a variables.</doc>
<msg timestamp="20210526 22:43:40.629" level="INFO">${result} = 3</msg>
<status status="PASS" starttime="20210526 22:43:40.629" endtime="20210526 22:43:40.629"/>
</kw>
<status status="PASS" starttime="20210526 22:43:40.629" endtime="20210526 22:43:40.629"/>
</iter>
<iter>
<var name="${number}">3</var>
<kw name="Evaluate" library="BuiltIn">
<var>${s}</var>
<arg>${number}+${result}</arg>
<doc>Evaluates the given expression in Python and returns the result.</doc>
<msg timestamp="20210526 22:43:40.629" level="INFO">${s} = 6</msg>
<status status="PASS" starttime="20210526 22:43:40.629" endtime="20210526 22:43:40.629"/>
</kw>
<kw name="Set Variable" library="BuiltIn">
<var>${result}</var>
<arg>${s}</arg>
<doc>Returns the given values which can then be assigned to a variables.</doc>
<msg timestamp="20210526 22:43:40.629" level="INFO">${result} = 6</msg>
<status status="PASS" starttime="20210526 22:43:40.629" endtime="20210526 22:43:40.629"/>
</kw>
<status status="PASS" starttime="20210526 22:43:40.629" endtime="20210526 22:43:40.629"/>
</iter>
<iter>
<var name="${number}">5</var>
<kw name="Evaluate" library="BuiltIn">
<var>${s}</var>
<arg>${number}+${result}</arg>
<doc>Evaluates the given expression in Python and returns the result.</doc>
<msg timestamp="20210526 22:43:40.629" level="INFO">${s} = 11</msg>
<status status="PASS" starttime="20210526 22:43:40.629" endtime="20210526 22:43:40.629"/>
</kw>
<kw name="Set Variable" library="BuiltIn">
<var>${result}</var>
<arg>${s}</arg>
<doc>Returns the given values which can then be assigned to a variables.</doc>
<msg timestamp="20210526 22:43:40.629" level="INFO">${result} = 11</msg>
<status status="PASS" starttime="20210526 22:43:40.629" endtime="20210526 22:43:40.629"/>
</kw>
<status status="PASS" starttime="20210526 22:43:40.629" endtime="20210526 22:43:40.629"/>
</iter>
<iter>
<var name="${number}">1</var>
<kw name="Evaluate" library="BuiltIn">
<var>${s}</var>
<arg>${number}+${result}</arg>
<doc>Evaluates the given expression in Python and returns the result.</doc>
<msg timestamp="20210526 22:43:40.629" level="INFO">${s} = 12</msg>
<status status="PASS" starttime="20210526 22:43:40.629" endtime="20210526 22:43:40.629"/>
</kw>
<kw name="Set Variable" library="BuiltIn">
<var>${result}</var>
<arg>${s}</arg>
<doc>Returns the given values which can then be assigned to a variables.</doc>
<msg timestamp="20210526 22:43:40.629" level="INFO">${result} = 12</msg>
<status status="PASS" starttime="20210526 22:43:40.629" endtime="20210526 22:43:40.629"/>
</kw>
<status status="PASS" starttime="20210526 22:43:40.629" endtime="20210526 22:43:40.629"/>
</iter>
<iter>
<var name="${number}">0</var>
<kw name="Evaluate" library="BuiltIn">
<var>${s}</var>
<arg>${number}+${result}</arg>
<doc>Evaluates the given expression in Python and returns the result.</doc>
<msg timestamp="20210526 22:43:40.645" level="INFO">${s} = 12</msg>
<status status="PASS" starttime="20210526 22:43:40.645" endtime="20210526 22:43:40.645"/>
</kw>
<kw name="Set Variable" library="BuiltIn">
<var>${result}</var>
<arg>${s}</arg>
<doc>Returns the given values which can then be assigned to a variables.</doc>
<msg timestamp="20210526 22:43:40.645" level="INFO">${result} = 12</msg>
<status status="PASS" starttime="20210526 22:43:40.645" endtime="20210526 22:43:40.645"/>
</kw>
<status status="PASS" starttime="20210526 22:43:40.629" endtime="20210526 22:43:40.645"/>
</iter>
<iter>
<var name="${number}">-1</var>
<kw name="Evaluate" library="BuiltIn">
<var>${s}</var>
<arg>${number}+${result}</arg>
<doc>Evaluates the given expression in Python and returns the result.</doc>
<msg timestamp="20210526 22:43:40.645" level="INFO">${s} = 11</msg>
<status status="PASS" starttime="20210526 22:43:40.645" endtime="20210526 22:43:40.645"/>
</kw>
<kw name="Set Variable" library="BuiltIn">
<var>${result}</var>
<arg>${s}</arg>
<doc>Returns the given values which can then be assigned to a variables.</doc>
<msg timestamp="20210526 22:43:40.645" level="INFO">${result} = 11</msg>
<status status="PASS" starttime="20210526 22:43:40.645" endtime="20210526 22:43:40.645"/>
</kw>
<status status="PASS" starttime="20210526 22:43:40.645" endtime="20210526 22:43:40.645"/>
</iter>
<iter>
<var name="${number}">10</var>
<kw name="Evaluate" library="BuiltIn">
<var>${s}</var>
<arg>${number}+${result}</arg>
<doc>Evaluates the given expression in Python and returns the result.</doc>
<msg timestamp="20210526 22:43:40.645" level="INFO">${s} = 21</msg>
<status status="PASS" starttime="20210526 22:43:40.645" endtime="20210526 22:43:40.645"/>
</kw>
<kw name="Set Variable" library="BuiltIn">
<var>${result}</var>
<arg>${s}</arg>
<doc>Returns the given values which can then be assigned to a variables.</doc>
<msg timestamp="20210526 22:43:40.645" level="INFO">${result} = 21</msg>
<status status="PASS" starttime="20210526 22:43:40.645" endtime="20210526 22:43:40.645"/>
</kw>
<status status="PASS" starttime="20210526 22:43:40.645" endtime="20210526 22:43:40.645"/>
</iter>
<status status="PASS" starttime="20210526 22:43:40.629" endtime="20210526 22:43:40.645"/>
</for>
<kw name="Log To Console" library="BuiltIn">
<arg>${result}</arg>
<doc>Logs the given message to the console.</doc>
<status status="PASS" starttime="20210526 22:43:40.645" endtime="20210526 22:43:40.645"/>
</kw>
<status status="PASS" starttime="20210526 22:43:40.629" endtime="20210526 22:43:40.645"/>
</test>
<status status="PASS" starttime="20210526 22:43:40.598" endtime="20210526 22:43:40.645"/>
</suite>
<status status="PASS" starttime="20210526 22:43:40.560" endtime="20210526 22:43:40.645"/>
</suite>
<statistics>
<total>
<stat pass="4" fail="0" skip="0">All Tests</stat>
</total>
<tag>
</tag>
<suite>
<stat pass="4" fail="0" skip="0" id="s1" name="pythonProject1">pythonProject1</stat>
<stat pass="4" fail="0" skip="0" id="s1-s1" name="Test">pythonProject1.Test</stat>
</suite>
</statistics>
<errors>
</errors>
</robot>
